<?xml version="1.0" encoding="UTF-8"?>
<testsuites name="Mocha Tests" time="10.678" tests="4" failures="0">
  <testsuite name="Root Suite" timestamp="2022-11-23T00:30:41" tests="0" file="cypress\integration\test.cy.ts" time="0.000" failures="0">
  </testsuite>
  <testsuite name="Tests with backend" timestamp="2022-11-23T00:30:41" tests="4" time="10.657" failures="0">
    <testcase name="Tests with backend verify correct request and response" time="3.982" classname="verify correct request and response">
    </testcase>
    <testcase name="Tests with backend verify popular tags are displayed" time="1.349" classname="verify popular tags are displayed">
    </testcase>
    <testcase name="Tests with backend verify global feed likes count" time="1.492" classname="verify global feed likes count">
    </testcase>
    <testcase name="Tests with backend delete a new article in a global feed" time="3.764" classname="delete a new article in a global feed">
    </testcase>
  </testsuite>
</testsuites>