<?xml version="1.0" encoding="UTF-8"?>
<testsuites name="Mocha Tests" time="3.838" tests="1" failures="0">
  <testsuite name="Root Suite" timestamp="2022-12-01T22:56:29" tests="0" file="cypress\integration\second-test.cy.ts" time="0.000" failures="0">
  </testsuite>
  <testsuite name="Test log out" timestamp="2022-12-01T22:56:29" tests="1" time="3.806" failures="0">
    <testcase name="Test log out Verify use can log out successfully" time="3.770" classname="Verify use can log out successfully">
    </testcase>
  </testsuite>
</testsuites>